2022-09-11 13:30:35,151 [INFO] diamonds_received_day7: 0.29100403698778204
2022-09-11 13:30:35,151 [INFO] app_iap_ltv_day3: 0.26093844376777076
2022-09-11 13:30:35,151 [INFO] diamonds_spent_day7: 0.2354985583451569
2022-09-11 13:30:35,151 [INFO] diamonds_spent_session9: 0.021610328204396633
2022-09-11 13:30:35,151 [INFO] diamonds_received_day3: 0.016321108538739765
2022-09-11 13:30:35,151 [INFO] app_sub_ltv_day3: 0.009404867748632913
2022-09-11 13:30:35,151 [INFO] tickets_spent_day7: 0.008878766869824077
2022-09-11 13:30:35,151 [INFO] ad_ltv_day3: 0.007815281199540345
2022-09-11 13:30:35,151 [INFO] diamonds_spent_day3: 0.007336658309218905
2022-09-11 13:30:35,151 [INFO] total_sessions_day7: 0.0068809164266331905
2022-09-11 13:30:35,151 [INFO] tickets_spent_session9: 0.005680732568878851
2022-09-11 13:30:35,151 [INFO] diamonds_received_day1: 0.005442421825625907
2022-09-11 13:30:35,151 [INFO] total_sessions_day3: 0.005154452033744707
2022-09-11 13:30:35,151 [INFO] ad_ltv_day0: 0.005017142497933716
2022-09-11 13:30:35,151 [INFO] chapters_finished_day7: 0.004715748841367495
2022-09-11 13:30:35,151 [INFO] app_iap_ltv_day1: 0.004524966863171195
2022-09-11 13:30:35,152 [INFO] total_sessions_day1: 0.004476955438286765
2022-09-11 13:30:35,152 [INFO] diamonds_spent_session3: 0.004463164750328172
2022-09-11 13:30:35,152 [INFO] total_sessions_day0: 0.004360774586584272
2022-09-11 13:30:35,152 [INFO] diamonds_spent_day1: 0.004336742296049727
2022-09-11 13:30:35,152 [INFO] ad_ltv_day1: 0.004199754516747134
2022-09-11 13:30:35,152 [INFO] app_iap_ltv_day0: 0.004105388562500725
2022-09-11 13:30:35,152 [INFO] chapters_opened_day3: 0.003997839591214829
2022-09-11 13:30:35,152 [INFO] diamonds_received_day0: 0.0038205316245568336
2022-09-11 13:30:35,152 [INFO] chapters_closed_day7: 0.0037726900353746077
2022-09-11 13:30:35,152 [INFO] chapters_finished_day3: 0.003716201640634979
2022-09-11 13:30:35,152 [INFO] chapters_opened_session9: 0.003535981023395682
2022-09-11 13:30:35,152 [INFO] chapters_closed_session9: 0.003447600746980193
2022-09-11 13:30:35,152 [INFO] chapters_closed_day3: 0.003060994363968903
2022-09-11 13:30:35,152 [INFO] diamonds_spent_session1: 0.0029619012201761346
2022-09-11 13:30:35,152 [INFO] chapters_opened_day7: 0.0029537301223207767
2022-09-11 13:30:35,152 [INFO] chapters_finished_session9: 0.0028976599321673658
2022-09-11 13:30:35,152 [INFO] diamonds_spent_day0: 0.002896941267861409
2022-09-11 13:30:35,154 [INFO] chapters_opened_day1: 0.002814172039365363
2022-09-11 13:30:35,154 [INFO] tickets_spent_day3: 0.0025553958775397668
2022-09-11 13:30:35,154 [INFO] app_sub_ltv_day0: 0.002506614500948055
2022-09-11 13:30:35,154 [INFO] tickets_spent_day0: 0.0023870037925426434
2022-09-11 13:30:35,154 [INFO] chapters_closed_day1: 0.0023119537937231617
2022-09-11 13:30:35,154 [INFO] tickets_spent_day1: 0.002221322742753513
2022-09-11 13:30:35,154 [INFO] chapters_finished_day1: 0.002200039639819621
2022-09-11 13:30:35,154 [INFO] chapters_opened_session3: 0.0021791684192014747
2022-09-11 13:30:35,154 [INFO] chapters_finished_session3: 0.0021678699529072017
2022-09-11 13:30:35,154 [INFO] tickets_spent_session3: 0.0021002339943327446
2022-09-11 13:30:35,154 [INFO] chapters_opened_day0: 0.0020955263885559508
2022-09-11 13:30:35,154 [INFO] chapters_closed_session1: 0.0020702467031881453
2022-09-11 13:30:35,155 [INFO] chapters_finished_day0: 0.001907282889779814
2022-09-11 13:30:35,155 [INFO] chapters_opened_session1: 0.0017081042695225447
2022-09-11 13:30:35,155 [INFO] chapters_closed_session3: 0.0016571137721509304
2022-09-11 13:30:35,155 [INFO] chapters_closed_day0: 0.0016496017885628265
2022-09-11 13:30:35,155 [INFO] retained_day7: 0.0015196507491030077
2022-09-11 13:30:35,155 [INFO] tickets_spent_session1: 0.0013986427939606894
2022-09-11 13:30:35,155 [INFO] app_sub_ltv_day1: 0.0012480708552226201
2022-09-11 13:30:35,155 [INFO] chapters_finished_session1: 0.0011931756080374018
2022-09-11 13:30:35,155 [INFO] retained_day3: 0.0005138586969694751
2022-09-11 13:30:35,155 [INFO] retained_day1: 0.00036566798424693934
